This is pdfTeX, Version 3.1415926-2.5-1.40.14 (TeX Live 2013) (format=pdflatex 2014.10.20)  16 JAN 2016 19:34
entering extended mode
 restricted \write18 enabled.
 file:line:error style messages enabled.
 %&-line parsing enabled.
**tiled_algs.tex
(./tiled_algs.tex
LaTeX2e <2011/06/27>
Babel <3.9f> and hyphenation patterns for 78 languages loaded.
(/usr/local/texlive/2013/texmf-dist/tex/latex/base/article.cls
Document Class: article 2007/10/19 v1.4h Standard LaTeX document class
(/usr/local/texlive/2013/texmf-dist/tex/latex/base/size10.clo
File: size10.clo 2007/10/19 v1.4h Standard LaTeX file (size option)
)
\c@part=\count79
\c@section=\count80
\c@subsection=\count81
\c@subsubsection=\count82
\c@paragraph=\count83
\c@subparagraph=\count84
\c@figure=\count85
\c@table=\count86
\abovecaptionskip=\skip41
\belowcaptionskip=\skip42
\bibindent=\dimen102
) (/usr/local/texlive/2013/texmf-dist/tex/latex/fancybox/fancybox.sty
Package: fancybox 2010/05/15 1.4

Style option: `fancybox' v1.4 <2010/05/15> (tvz)
\@fancybox=\box26
\shadowsize=\dimen103
\@Sbox=\box27
\do@VerbBox=\toks14
\the@fancyput=\toks15
\this@fancyput=\toks16
\EndVerbatimTokens=\toks17
\Verbatim@Outfile=\write3
\Verbatim@Infile=\read1
) (/usr/local/texlive/2013/texmf-dist/tex/latex/pstricks/pstricks.sty
Package: pstricks 2013/05/21 v0.56 LaTeX wrapper for `PSTricks' (RN,HV)
 (/usr/local/texlive/2013/texmf-dist/tex/generic/pstricks/pstricks.tex (/usr/local/texlive/2013/texmf-dist/tex/generic/xkeyval/pst-xkey.tex
File: pst-xkey.tex 2005/11/25 v1.6 PSTricks specialization of xkeyval (HA)
 (/usr/local/texlive/2013/texmf-dist/tex/latex/xkeyval/xkeyval.sty
Package: xkeyval 2012/10/14 v2.6b package option processing (HA)
 (/usr/local/texlive/2013/texmf-dist/tex/generic/xkeyval/xkeyval.tex
\XKV@toks=\toks18
\XKV@tempa@toks=\toks19
\XKV@depth=\count87
File: xkeyval.tex 2012/10/14 v2.6b key=value parser (HA)
 (/usr/local/texlive/2013/texmf-dist/tex/generic/xkeyval/keyval.tex)))) (/usr/local/texlive/2013/texmf-dist/tex/generic/pstricks/pst-fp.tex `pst-fp' v0.05, 2010/01/17 (hv)
\pstFP@xs=\count88
\pstFP@xia=\count89
\pstFP@xib=\count90
\pstFP@xfa=\count91
\pstFP@xfb=\count92
\pstFP@rega=\count93
\pstFP@regb=\count94
\pstFP@regs=\count95
\pstFP@times=\count96
) (/usr/local/texlive/2013/texmf-dist/tex/generic/pgf/utilities/pgfutil-common.tex
\pgfutil@everybye=\toks20
) (/usr/local/texlive/2013/texmf-dist/tex/generic/pgf/utilities/pgfkeys.code.tex
\pgfkeys@pathtoks=\toks21
\pgfkeys@temptoks=\toks22
 (/usr/local/texlive/2013/texmf-dist/tex/generic/pgf/utilities/pgfkeysfiltered.code.tex
\pgfkeys@tmptoks=\toks23
)) (/usr/local/texlive/2013/texmf-dist/tex/generic/pgf/utilities/pgffor.code.tex
\pgffor@iter=\dimen104
\pgffor@skip=\dimen105
\pgffor@stack=\toks24
\pgffor@toks=\toks25
)
\psLoopIndex=\count97

`PSTricks' v2.43  <2013/05/12> (tvz)
\pst@dima=\dimen106
\pst@dimb=\dimen107
\pst@dimc=\dimen108
\pst@dimd=\dimen109
\pst@dimg=\dimen110
\pst@dimh=\dimen111
\pst@dimm=\dimen112
\pst@dimn=\dimen113
\pst@dimo=\dimen114
\pst@dimp=\dimen115
\pst@hbox=\box28
\pst@ibox=\box29
\pst@boxg=\box30
\pst@cnta=\count98
\pst@cntb=\count99
\pst@cntc=\count100
\pst@cntd=\count101
\pst@cntg=\count102
\pst@cnth=\count103
\pst@cntm=\count104
\pst@cntn=\count105
\pst@cnto=\count106
\pst@cntp=\count107
\@zero=\count108
\pst@toks=\toks26
(/usr/local/texlive/2013/texmf-dist/tex/generic/pstricks/pstricks.con)
\psunit=\dimen116
\psxunit=\dimen117
\psyunit=\dimen118
\pst@C@@rType=\count109
\pslinewidth=\dimen119
\psk@startLW=\dimen120
\psk@endLW=\dimen121
\pst@customdefs=\toks27
\pslinearc=\dimen122
\pst@symbolStep=\dimen123
\pst@symbolWidth=\dimen124
\pst@symbolLinewidth=\dimen125
\everypsbox=\toks28
\psframesep=\dimen126
\pslabelsep=\dimen127
\sh@wgridXunit=\dimen128
\sh@wgridYunit=\dimen129
\pst@shift=\dimen130
\theoverlaybox=\box31
)
File: pstricks.tex 2013/05/12 v2.43 `PSTricks' (tvz,hv)
 (/usr/local/texlive/2013/texmf-dist/tex/generic/pstricks/pst-fp.tex)
File: pst-fp.tex 2013/05/12 v2.43 `PST-fp' (hv)
 (/usr/local/texlive/2013/texmf-dist/tex/latex/xcolor/xcolor.sty
Package: xcolor 2007/01/21 v2.11 LaTeX color extensions (UK)
 (/usr/local/texlive/2013/texmf-dist/tex/latex/latexconfig/color.cfg
File: color.cfg 2007/01/18 v1.5 color configuration of teTeX/TeXLive
)
Package xcolor Info: Driver file: pdftex.def on input line 225.
 (/usr/local/texlive/2013/texmf-dist/tex/latex/pdftex-def/pdftex.def
File: pdftex.def 2011/05/27 v0.06d Graphics/color for pdfTeX
 (/usr/local/texlive/2013/texmf-dist/tex/generic/oberdiek/infwarerr.sty
Package: infwarerr 2010/04/08 v1.3 Providing info/warning/error messages (HO)
) (/usr/local/texlive/2013/texmf-dist/tex/generic/oberdiek/ltxcmds.sty
Package: ltxcmds 2011/11/09 v1.22 LaTeX kernel commands for general use (HO)
)
\Gread@gobject=\count110
)
Package xcolor Info: Model `cmy' substituted by `cmy0' on input line 1337.
Package xcolor Info: Model `hsb' substituted by `rgb' on input line 1341.
Package xcolor Info: Model `RGB' extended on input line 1353.
Package xcolor Info: Model `HTML' substituted by `rgb' on input line 1355.
Package xcolor Info: Model `Hsb' substituted by `hsb' on input line 1356.
Package xcolor Info: Model `tHsb' substituted by `hsb' on input line 1357.
Package xcolor Info: Model `HSB' substituted by `hsb' on input line 1358.
Package xcolor Info: Model `Gray' substituted by `gray' on input line 1359.
Package xcolor Info: Model `wave' substituted by `hsb' on input line 1360.
)) (/usr/local/texlive/2013/texmf-dist/tex/latex/amsfonts/amsfonts.sty
Package: amsfonts 2013/01/14 v3.01 Basic AMSFonts support
\@emptytoks=\toks29
\symAMSa=\mathgroup4
\symAMSb=\mathgroup5
LaTeX Font Info:    Overwriting math alphabet `\mathfrak' in version `bold'
(Font)                  U/euf/m/n --> U/euf/b/n on input line 106.
) (/usr/local/texlive/2013/texmf-dist/tex/latex/hyperref/hyperref.sty
Package: hyperref 2012/11/06 v6.83m Hypertext links for LaTeX
 (/usr/local/texlive/2013/texmf-dist/tex/generic/oberdiek/hobsub-hyperref.sty
Package: hobsub-hyperref 2012/05/28 v1.13 Bundle oberdiek, subset hyperref (HO)
 (/usr/local/texlive/2013/texmf-dist/tex/generic/oberdiek/hobsub-generic.sty
Package: hobsub-generic 2012/05/28 v1.13 Bundle oberdiek, subset generic (HO)
Package: hobsub 2012/05/28 v1.13 Construct package bundles (HO)
Package hobsub Info: Skipping package `infwarerr' (already loaded).
Package hobsub Info: Skipping package `ltxcmds' (already loaded).
Package: ifluatex 2010/03/01 v1.3 Provides the ifluatex switch (HO)
Package ifluatex Info: LuaTeX not detected.
Package: ifvtex 2010/03/01 v1.5 Detect VTeX and its facilities (HO)
Package ifvtex Info: VTeX not detected.
Package: intcalc 2007/09/27 v1.1 Expandable calculations with integers (HO)
Package: ifpdf 2011/01/30 v2.3 Provides the ifpdf switch (HO)
Package ifpdf Info: pdfTeX in PDF mode is detected.
Package: etexcmds 2011/02/16 v1.5 Avoid name clashes with e-TeX commands (HO)
Package etexcmds Info: Could not find \expanded.
(etexcmds)             That can mean that you are not using pdfTeX 1.50 or
(etexcmds)             that some package has redefined \expanded.
(etexcmds)             In the latter case, load this package earlier.
Package: kvsetkeys 2012/04/25 v1.16 Key value parser (HO)
Package: kvdefinekeys 2011/04/07 v1.3 Define keys (HO)
Package: pdftexcmds 2011/11/29 v0.20 Utility functions of pdfTeX for LuaTeX (HO)
Package pdftexcmds Info: LuaTeX not detected.
Package pdftexcmds Info: \pdf@primitive is available.
Package pdftexcmds Info: \pdf@ifprimitive is available.
Package pdftexcmds Info: \pdfdraftmode found.
Package: pdfescape 2011/11/25 v1.13 Implements pdfTeX's escape features (HO)
Package: bigintcalc 2012/04/08 v1.3 Expandable calculations on big integers (HO)
Package: bitset 2011/01/30 v1.1 Handle bit-vector datatype (HO)
Package: uniquecounter 2011/01/30 v1.2 Provide unlimited unique counter (HO)
)
Package hobsub Info: Skipping package `hobsub' (already loaded).
Package: letltxmacro 2010/09/02 v1.4 Let assignment for LaTeX macros (HO)
Package: hopatch 2012/05/28 v1.2 Wrapper for package hooks (HO)
Package: xcolor-patch 2011/01/30 xcolor patch
Package: atveryend 2011/06/30 v1.8 Hooks at the very end of document (HO)
Package atveryend Info: \enddocument detected (standard20110627).
Package: atbegshi 2011/10/05 v1.16 At begin shipout hook (HO)
Package: refcount 2011/10/16 v3.4 Data extraction from label references (HO)
Package: hycolor 2011/01/30 v1.7 Color options for hyperref/bookmark (HO)
) (/usr/local/texlive/2013/texmf-dist/tex/generic/ifxetex/ifxetex.sty
Package: ifxetex 2010/09/12 v0.6 Provides ifxetex conditional
) (/usr/local/texlive/2013/texmf-dist/tex/latex/oberdiek/auxhook.sty
Package: auxhook 2011/03/04 v1.3 Hooks for auxiliary files (HO)
) (/usr/local/texlive/2013/texmf-dist/tex/latex/oberdiek/kvoptions.sty
Package: kvoptions 2011/06/30 v3.11 Key value format for package options (HO)
)
\@linkdim=\dimen131
\Hy@linkcounter=\count111
\Hy@pagecounter=\count112
 (/usr/local/texlive/2013/texmf-dist/tex/latex/hyperref/pd1enc.def
File: pd1enc.def 2012/11/06 v6.83m Hyperref: PDFDocEncoding definition (HO)
)
\Hy@SavedSpaceFactor=\count113
 (/usr/local/texlive/2013/texmf-dist/tex/latex/latexconfig/hyperref.cfg
File: hyperref.cfg 2002/06/06 v1.2 hyperref configuration of TeXLive
)
Package hyperref Info: Option `bookmarks' set `true' on input line 4319.
Package hyperref Info: Option `bookmarksnumbered' set `true' on input line 4319.
Package hyperref Info: Option `bookmarksopen' set `false' on input line 4319.
Package hyperref Info: Option `plainpages' set `false' on input line 4319.
Package hyperref Info: Option `pdfpagelabels' set `true' on input line 4319.
Package hyperref Info: Option `colorlinks' set `true' on input line 4319.


Package hyperref Warning: Option `pagecolor' is not available anymore.

Package hyperref Info: Hyper figures OFF on input line 4443.
Package hyperref Info: Link nesting OFF on input line 4448.
Package hyperref Info: Hyper index ON on input line 4451.
Package hyperref Info: Plain pages OFF on input line 4458.
Package hyperref Info: Backreferencing OFF on input line 4463.
Package hyperref Info: Implicit mode ON; LaTeX internals redefined.
Package hyperref Info: Bookmarks ON on input line 4688.
\c@Hy@tempcnt=\count114
(/usr/local/texlive/2013/texmf-dist/tex/latex/url/url.sty
\Urlmuskip=\muskip10
Package: url 2006/04/12  ver 3.3  Verb mode for urls, etc.
)
LaTeX Info: Redefining \url on input line 5041.
\XeTeXLinkMargin=\dimen132
\Fld@menulength=\count115
\Field@Width=\dimen133
\Fld@charsize=\dimen134
Package hyperref Info: Hyper figures OFF on input line 6295.
Package hyperref Info: Link nesting OFF on input line 6300.
Package hyperref Info: Hyper index ON on input line 6303.
Package hyperref Info: backreferencing OFF on input line 6310.
Package hyperref Info: Link coloring ON on input line 6313.
Package hyperref Info: Link coloring with OCG OFF on input line 6320.
Package hyperref Info: PDF/A mode OFF on input line 6325.
LaTeX Info: Redefining \ref on input line 6365.
LaTeX Info: Redefining \pageref on input line 6369.
\Hy@abspage=\count116
\c@Item=\count117
\c@Hfootnote=\count118
)

Package hyperref Message: Driver (autodetected): hpdftex.

(/usr/local/texlive/2013/texmf-dist/tex/latex/hyperref/hpdftex.def
File: hpdftex.def 2012/11/06 v6.83m Hyperref driver for pdfTeX
\Fld@listcount=\count119
\c@bookmark@seq@number=\count120
 (/usr/local/texlive/2013/texmf-dist/tex/latex/oberdiek/rerunfilecheck.sty
Package: rerunfilecheck 2011/04/15 v1.7 Rerun checks for auxiliary files (HO)
Package uniquecounter Info: New unique counter `rerunfilecheck' on input line 282.
)
\Hy@SectionHShift=\skip43
) (/usr/local/texlive/2013/texmf-dist/tex/latex/graphics/graphicx.sty
Package: graphicx 1999/02/16 v1.0f Enhanced LaTeX Graphics (DPC,SPQR)
 (/usr/local/texlive/2013/texmf-dist/tex/latex/graphics/graphics.sty
Package: graphics 2009/02/05 v1.0o Standard LaTeX Graphics (DPC,SPQR)
 (/usr/local/texlive/2013/texmf-dist/tex/latex/graphics/trig.sty
Package: trig 1999/03/16 v1.09 sin cos tan (DPC)
) (/usr/local/texlive/2013/texmf-dist/tex/latex/latexconfig/graphics.cfg
File: graphics.cfg 2010/04/23 v1.9 graphics configuration of TeX Live
)
Package graphics Info: Driver file: pdftex.def on input line 91.
)
\Gin@req@height=\dimen135
\Gin@req@width=\dimen136
) (/usr/local/texlive/2013/texmf-dist/tex/latex/algorithms/algorithm.sty
Package: algorithm 2009/08/24 v0.1 Document Style `algorithm' - floating environment
 (/usr/local/texlive/2013/texmf-dist/tex/latex/float/float.sty
Package: float 2001/11/08 v1.3d Float enhancements (AL)
\c@float@type=\count121
\float@exts=\toks30
\float@box=\box32
\@float@everytoks=\toks31
\@floatcapt=\box33
) (/usr/local/texlive/2013/texmf-dist/tex/latex/base/ifthen.sty
Package: ifthen 2001/05/26 v1.1c Standard LaTeX ifthen package (DPC)
)
\@float@every@algorithm=\toks32
\c@algorithm=\count122
) (/usr/local/texlive/2013/texmf-dist/tex/latex/algorithms/algorithmic.sty
Package: algorithmic 2009/08/24 v0.1 Document Style `algorithmic'
\c@ALC@unique=\count123
\c@ALC@line=\count124
\c@ALC@rem=\count125
\c@ALC@depth=\count126
\ALC@tlm=\skip44
\algorithmicindent=\skip45
) (/usr/local/texlive/2013/texmf-dist/tex/latex/amsmath/amsmath.sty
Package: amsmath 2013/01/14 v2.14 AMS math features
\@mathmargin=\skip46

For additional information on amsmath, use the `?' option.
(/usr/local/texlive/2013/texmf-dist/tex/latex/amsmath/amstext.sty
Package: amstext 2000/06/29 v2.01
 (/usr/local/texlive/2013/texmf-dist/tex/latex/amsmath/amsgen.sty
File: amsgen.sty 1999/11/30 v2.0
\@emptytoks=\toks33
\ex@=\dimen137
)) (/usr/local/texlive/2013/texmf-dist/tex/latex/amsmath/amsbsy.sty
Package: amsbsy 1999/11/29 v1.2d
\pmbraise@=\dimen138
) (/usr/local/texlive/2013/texmf-dist/tex/latex/amsmath/amsopn.sty
Package: amsopn 1999/12/14 v2.01 operator names
)
\inf@bad=\count127
LaTeX Info: Redefining \frac on input line 210.
\uproot@=\count128
\leftroot@=\count129
LaTeX Info: Redefining \overline on input line 306.
\classnum@=\count130
\DOTSCASE@=\count131
LaTeX Info: Redefining \ldots on input line 378.
LaTeX Info: Redefining \dots on input line 381.
LaTeX Info: Redefining \cdots on input line 466.
\Mathstrutbox@=\box34
\strutbox@=\box35
\big@size=\dimen139
LaTeX Font Info:    Redeclaring font encoding OML on input line 566.
LaTeX Font Info:    Redeclaring font encoding OMS on input line 567.
\macc@depth=\count132
\c@MaxMatrixCols=\count133
\dotsspace@=\muskip11
\c@parentequation=\count134
\dspbrk@lvl=\count135
\tag@help=\toks34
\row@=\count136
\column@=\count137
\maxfields@=\count138
\andhelp@=\toks35
\eqnshift@=\dimen140
\alignsep@=\dimen141
\tagshift@=\dimen142
\tagwidth@=\dimen143
\totwidth@=\dimen144
\lineht@=\dimen145
\@envbody=\toks36
\multlinegap=\skip47
\multlinetaggap=\skip48
\mathdisplay@stack=\toks37
LaTeX Info: Redefining \[ on input line 2665.
LaTeX Info: Redefining \] on input line 2666.
) (/usr/local/texlive/2013/texmf-dist/tex/latex/amsfonts/amssymb.sty
Package: amssymb 2013/01/14 v3.01 AMS font symbols
) (/usr/local/texlive/2013/texmf-dist/tex/latex/natbib/natbib.sty
Package: natbib 2010/09/13 8.31b (PWD, AO)
\bibhang=\skip49
\bibsep=\skip50
LaTeX Info: Redefining \cite on input line 694.
\c@NAT@ctr=\count139
) (/usr/local/texlive/2013/texmf-dist/tex/latex/preprint/authblk.sty
Package: authblk 2001/02/27 1.3 (PWD)
\affilsep=\skip51
\@affilsep=\skip52
\c@Maxaffil=\count140
\c@authors=\count141
\c@affil=\count142
) (/Users/myhay/Desktop/0709.1272v3.tag/.texpadtmp/tiled_algs.aux)
\openout1 = `tiled_algs.aux'.

LaTeX Font Info:    Checking defaults for OML/cmm/m/it on input line 53.
LaTeX Font Info:    ... okay on input line 53.
LaTeX Font Info:    Checking defaults for T1/cmr/m/n on input line 53.
LaTeX Font Info:    ... okay on input line 53.
LaTeX Font Info:    Checking defaults for OT1/cmr/m/n on input line 53.
LaTeX Font Info:    ... okay on input line 53.
LaTeX Font Info:    Checking defaults for OMS/cmsy/m/n on input line 53.
LaTeX Font Info:    ... okay on input line 53.
LaTeX Font Info:    Checking defaults for OMX/cmex/m/n on input line 53.
LaTeX Font Info:    ... okay on input line 53.
LaTeX Font Info:    Checking defaults for U/cmr/m/n on input line 53.
LaTeX Font Info:    ... okay on input line 53.
LaTeX Font Info:    Checking defaults for PD1/pdf/m/n on input line 53.
LaTeX Font Info:    ... okay on input line 53.
 (/usr/local/texlive/2013/texmf-dist/tex/context/base/supp-pdf.mkii
[Loading MPS to PDF converter (version 2006.09.02).]
\scratchcounter=\count143
\scratchdimen=\dimen146
\scratchbox=\box36
\nofMPsegments=\count144
\nofMParguments=\count145
\everyMPshowfont=\toks38
\MPscratchCnt=\count146
\MPscratchDim=\dimen147
\MPnumerator=\count147
\makeMPintoPDFobject=\count148
\everyMPtoPDFconversion=\toks39
)
\AtBeginShipoutBox=\box37
Package hyperref Info: Link coloring ON on input line 53.
 (/usr/local/texlive/2013/texmf-dist/tex/latex/hyperref/nameref.sty
Package: nameref 2012/10/27 v2.43 Cross-referencing by name of section
 (/usr/local/texlive/2013/texmf-dist/tex/generic/oberdiek/gettitlestring.sty
Package: gettitlestring 2010/12/03 v1.4 Cleanup title references (HO)
)
\c@section@level=\count149
)
LaTeX Info: Redefining \ref on input line 53.
LaTeX Info: Redefining \pageref on input line 53.
LaTeX Info: Redefining \nameref on input line 53.
 (/Users/myhay/Desktop/0709.1272v3.tag/.texpadtmp/tiled_algs.out) (/Users/myhay/Desktop/0709.1272v3.tag/.texpadtmp/tiled_algs.out)
\@outlinefile=\write4
\openout4 = `tiled_algs.out'.

 (/usr/local/texlive/2013/texmf-dist/tex/latex/oberdiek/epstopdf-base.sty
Package: epstopdf-base 2010/02/09 v2.5 Base part for package epstopdf
 (/usr/local/texlive/2013/texmf-dist/tex/latex/oberdiek/grfext.sty
Package: grfext 2010/08/19 v1.1 Manage graphics extensions (HO)
)
Package grfext Info: Graphics extension search list:
(grfext)             [.png,.pdf,.jpg,.mps,.jpeg,.jbig2,.jb2,.PNG,.PDF,.JPG,.JPEG,.JBIG2,.JB2,.eps]
(grfext)             \AppendGraphicsExtensions on input line 452.
 (/usr/local/texlive/2013/texmf-dist/tex/latex/latexconfig/epstopdf-sys.cfg
File: epstopdf-sys.cfg 2010/07/13 v1.3 Configuration of (r)epstopdf for TeX Live
))
LaTeX Font Info:    Try loading font information for U+msa on input line 54.
 (/usr/local/texlive/2013/texmf-dist/tex/latex/amsfonts/umsa.fd
File: umsa.fd 2013/01/14 v3.01 AMS symbols A
)
LaTeX Font Info:    Try loading font information for U+msb on input line 54.
 (/usr/local/texlive/2013/texmf-dist/tex/latex/amsfonts/umsb.fd
File: umsb.fd 2013/01/14 v3.01 AMS symbols B
)

Package natbib Warning: Citation `cell_chol' on page 1 undefined on input line 74.


Package natbib Warning: Citation `tiledqr' on page 1 undefined on input line 74.


Package natbib Warning: Citation `Kurzak:2006:ILA' on page 1 undefined on input line 74.


Package natbib Warning: Citation `top500' on page 1 undefined on input line 99.

[1
Non-PDF special ignored!
Non-PDF special ignored!
Non-PDF special ignored!
Non-PDF special ignored!


Non-PDF special ignored!
Non-PDF special ignored!{/usr/local/texlive/2013/texmf-var/fonts/map/pdftex/updmap/pdftex.map}]

Package natbib Warning: Citation `isscc_2005_cell_desing' on page 2 undefined on input line 128.


Package natbib Warning: Citation `polaris' on page 2 undefined on input line 129.


Package natbib Warning: Citation `cell_chol' on page 2 undefined on input line 134.


Package natbib Warning: Citation `76287' on page 2 undefined on input line 140.


Package natbib Warning: Citation `essl01' on page 2 undefined on input line 140.

[2]

Package natbib Warning: Citation `lapack:99' on page 3 undefined on input line 166.


Package natbib Warning: Citation `scalapack:96' on page 3 undefined on input line 166.


Package natbib Warning: Citation `552704' on page 3 undefined on input line 183.


Package natbib Warning: Citation `gotoblas' on page 3 undefined on input line 205.


Package natbib Warning: Citation `mkl' on page 3 undefined on input line 205.


Package natbib Warning: Citation `ATLAS' on page 3 undefined on input line 205.


Package natbib Warning: Citation `essl01' on page 3 undefined on input line 206.


Package natbib Warning: Citation `666023' on page 3 undefined on input line 207.

[3]
LaTeX Font Info:    Try loading font information for OMS+cmr on input line 213.
 (/usr/local/texlive/2013/texmf-dist/tex/latex/base/omscmr.fd
File: omscmr.fd 1999/05/25 v2.5h Standard LaTeX font definitions
)
LaTeX Font Info:    Font shape `OMS/cmr/m/n' in size <10> not available
(Font)              Font shape `OMS/cmsy/m/n' tried instead on input line 213.
 <images/par_algos.pdf, id=85, 741.77126pt x 343.2825pt>
File: images/par_algos.pdf Graphic file (type pdf)
 <use images/par_algos.pdf>
Package pdftex.def Info: images/par_algos.pdf used on input line 223.
(pdftex.def)             Requested size: 345.0pt x 159.66136pt.


Package natbib Warning: Citation `kag-gus' on page 4 undefined on input line 230.


Package natbib Warning: Citation `279535' on page 4 undefined on input line 230.


Package natbib Warning: Citation `76287' on page 4 undefined on input line 242.


Package natbib Warning: Citation `essl01' on page 4 undefined on input line 242.


Package natbib Warning: Citation `vdgqr' on page 4 undefined on input line 243.


Package natbib Warning: Citation `1248397' on page 4 undefined on input line 243.


Package natbib Warning: Citation `Kurzak:2006:ILA' on page 4 undefined on input line 244.


Package natbib Warning: Citation `para06' on page 4 undefined on input line 244.


Package natbib Warning: Citation `1248397' on page 4 undefined on input line 244.


Package natbib Warning: Citation `cell_chol' on page 4 undefined on input line 244.


Package natbib Warning: Citation `Kurzak:2006:ILA' on page 4 undefined on input line 246.


Package natbib Warning: Citation `para06' on page 4 undefined on input line 246.


Package natbib Warning: Citation `Kurzak:2006:ILA' on page 4 undefined on input line 258.


Package natbib Warning: Citation `para06' on page 4 undefined on input line 258.

[4pdfTeX warning (ext4): destination with the same identifier (name{figure.1}) has been already used, duplicate ignored

\AtBegShi@Output ...ipout \box \AtBeginShipoutBox 
                                                  \fi \fi 
l.268 
       <./images/par_algos.pdf>]
Overfull \hbox (2.195pt too wide) in paragraph at lines 269--278
[]\OT1/cmr/m/n/10 The fol-low-ing sec-tions de-scribe the ap-pli-ca-tion of the idea of dy-namic schedul-
 []


Package natbib Warning: Citation `670985' on page 5 undefined on input line 293.


Package natbib Warning: Citation `1014508' on page 5 undefined on input line 293.


Package natbib Warning: Citation `1248397' on page 5 undefined on input line 293.


Package natbib Warning: Citation `tiledqr' on page 5 undefined on input line 293.


Package natbib Warning: Citation `1014508' on page 5 undefined on input line 297.


Package natbib Warning: Citation `670985' on page 5 undefined on input line 297.


Package natbib Warning: Citation `Kurzak:2006:ILA' on page 5 undefined on input line 302.


Package natbib Warning: Citation `para06' on page 5 undefined on input line 302.


Package natbib Warning: Citation `jordan' on page 5 undefined on input line 306.


Package natbib Warning: Citation `hep' on page 5 undefined on input line 306.


Package natbib Warning: Citation `cell_chol' on page 5 undefined on input line 314.


Package natbib Warning: Citation `1248397' on page 5 undefined on input line 314.


Package natbib Warning: Citation `three' on page 5 undefined on input line 314.


Package natbib Warning: Citation `1014508' on page 5 undefined on input line 314.

[5]
LaTeX Font Info:    Font shape `OT1/cmtt/bx/n' in size <10> not available
(Font)              Font shape `OT1/cmtt/m/n' tried instead on input line 319.
Package hyperref Info: bookmark level for unknown algorithm defaults to 0 on input line 359.


Package natbib Warning: Citation `670985' on page 6 undefined on input line 382.


Package natbib Warning: Citation `golubvanloan' on page 6 undefined on input line 389.


Package natbib Warning: Citation `stew:98' on page 6 undefined on input line 389.


Package natbib Warning: Citation `yip_ooc' on page 6 undefined on input line 391.


Package natbib Warning: Citation `DBLP:conf/para/JoffrainQG04' on page 6 undefined on input line 393.


Package natbib Warning: Citation `vdgooclu' on page 6 undefined on input line 393.


Package natbib Warning: Citation `1055534' on page 6 undefined on input line 393.


Package natbib Warning: Citation `210517' on page 6 undefined on input line 394.


Package natbib Warning: Citation `tiledqr' on page 6 undefined on input line 397.


Package natbib Warning: Citation `tiledqr' on page 6 undefined on input line 398.


Package natbib Warning: Citation `1055534' on page 6 undefined on input line 399.


Package natbib Warning: Citation `1055534' on page 6 undefined on input line 402.


Package natbib Warning: Citation `vdgqr' on page 6 undefined on input line 407.

[6]

Package natbib Warning: Citation `vdgooclu' on page 7 undefined on input line 410.


Package natbib Warning: Citation `64889' on page 7 undefined on input line 424.

[7]

LaTeX Warning: `!h' float specifier changed to `!ht'.

[8] [9] <images/blk_alg_col_bw.pdf, id=163, 464.73625pt x 485.815pt>
File: images/blk_alg_col_bw.pdf Graphic file (type pdf)
 <use images/blk_alg_col_bw.pdf>
Package pdftex.def Info: images/blk_alg_col_bw.pdf used on input line 695.
(pdftex.def)             Requested size: 345.0pt x 360.65388pt.


Package natbib Warning: Citation `1055534' on page 10 undefined on input line 702.


Package natbib Warning: Citation `1055534' on page 10 undefined on input line 702.


LaTeX Warning: `!h' float specifier changed to `!ht'.


Package natbib Warning: Citation `DBLP:conf/para/JoffrainQG04' on page 10 undefined on input line 725.


Package natbib Warning: Citation `vdgooclu' on page 10 undefined on input line 725.


Package natbib Warning: Citation `1055534' on page 10 undefined on input line 725.


Package natbib Warning: Citation `tiledqr' on page 10 undefined on input line 725.


Package natbib Warning: Citation `vdgqr' on page 10 undefined on input line 725.


Package natbib Warning: Citation `DBLP:conf/para/JoffrainQG04' on page 10 undefined on input line 726.


Package natbib Warning: Citation `vdgooclu' on page 10 undefined on input line 726.


Package natbib Warning: Citation `1055534' on page 10 undefined on input line 726.


Package natbib Warning: Citation `vdgqr' on page 10 undefined on input line 726.

[10] [11pdfTeX warning (ext4): destination with the same identifier (name{figure.2}) has been already used, duplicate ignored

\AtBegShi@Output ...ipout \box \AtBeginShipoutBox 
                                                  \fi \fi 
l.731 
       <./images/blk_alg_col_bw.pdf>]

Package natbib Warning: Citation `DBLP:conf/para/JoffrainQG04' on page 12 undefined on input line 739.


Package natbib Warning: Citation `vdgooclu' on page 12 undefined on input line 739.


Package natbib Warning: Citation `1055534' on page 12 undefined on input line 739.


Package natbib Warning: Citation `tiledqr' on page 12 undefined on input line 739.


Package natbib Warning: Citation `vdgqr' on page 12 undefined on input line 739.

<images/inner_blk.pdf, id=204, 857.2025pt x 444.66125pt>
File: images/inner_blk.pdf Graphic file (type pdf)
 <use images/inner_blk.pdf>
Package pdftex.def Info: images/inner_blk.pdf used on input line 745.
(pdftex.def)             Requested size: 345.0pt x 178.96051pt.
 [12pdfTeX warning (ext4): destination with the same identifier (name{figure.3}) has been already used, duplicate ignored

\AtBegShi@Output ...ipout \box \AtBeginShipoutBox 
                                                  \fi \fi 
l.769 T
       he cost for a single call of the \texttt{DSSRFB} kernel is, ignoring <./images/inner_blk.pdf>]

Package natbib Warning: Citation `tiledqr' on page 13 undefined on input line 781.


Package natbib Warning: Citation `wilk:65' on page 13 undefined on input line 817.


Package natbib Warning: Citation `DBLP:conf/para/JoffrainQG04' on page 13 undefined on input line 821.


Package natbib Warning: Citation `vdgooclu' on page 13 undefined on input line 821.


Package natbib Warning: Citation `reid:71' on page 13 undefined on input line 821.


Package natbib Warning: Citation `yip_ooc' on page 13 undefined on input line 821.


Package natbib Warning: Citation `gaps:90' on page 13 undefined on input line 822.


Package natbib Warning: Citation `hihi:89' on page 13 undefined on input line 827.


Package natbib Warning: Citation `trsc:90' on page 13 undefined on input line 827.

[13]
Overfull \hbox (39.56654pt too wide) detected at line 852
\OML/cmm/m/it/10 U \OT1/cmr/m/n/10 = \OML/cmm/m/it/10 L[]P[]L[]P[]L[]P[] [] L[]P[] [] L[]P[]L[]P[] [] L[]P[]A:
 []


Overfull \hbox (53.45404pt too wide) detected at line 882
\OML/cmm/m/it/10 N \OT1/cmr/m/n/10 = [][] \OML/cmm/m/it/10 ;
 []

[14]

Package natbib Warning: Citation `sore:85' on page 15 undefined on input line 903.


Package natbib Warning: Citation `trsc:90' on page 15 undefined on input line 909.


Package natbib Warning: Citation `vdgooclu' on page 15 undefined on input line 912.


Overfull \hbox (11.73907pt too wide) in paragraph at lines 920--922
 []\OT1/cmr/bx/n/10 Random ma-tri-ces.[] \OT1/cmr/m/n/10 We take 10 ran-dom ma-tri-ces of size $\OML/cmm/m/it/10 n \OT1/cmr/m/n/10 = 2048$ (\OT1/cmtt/m/n/10 A=randn(n)\OT1/cmr/m/n/10 ).
 []


Overfull \hbox (39.11754pt too wide) detected at line 944
\OML/cmm/m/it/10 N \OT1/cmr/m/n/10 = \OML/cmm/m/it/10 P[]L[] [] P[]L[]P[]L[] [] P[]L[] [] P[]L[]P[]L[]P[]L[]:
 []

[15] <images/results_random_nb_n2048_001_bw.pdf, id=260, 469.755pt x 379.4175pt>
File: images/results_random_nb_n2048_001_bw.pdf Graphic file (type pdf)
 <use images/results_random_nb_n2048_001_bw.pdf>
Package pdftex.def Info: images/results_random_nb_n2048_001_bw.pdf used on input line 992.
(pdftex.def)             Requested size: 155.24895pt x 125.39342pt.
 <images/results_random_nb_n2048_002_bw.pdf, id=261, 469.755pt x 379.4175pt>
File: images/results_random_nb_n2048_002_bw.pdf Graphic file (type pdf)
 <use images/results_random_nb_n2048_002_bw.pdf>
Package pdftex.def Info: images/results_random_nb_n2048_002_bw.pdf used on input line 995.
(pdftex.def)             Requested size: 155.24895pt x 125.39342pt.


Package natbib Warning: Citation `matrixmarket' on page 16 undefined on input line 1010.


Overfull \hbox (8.55661pt too wide) in paragraph at lines 1009--1019
 []\OT1/cmr/bx/n/10 Matrix Mar-ket ma-tri-ces.[] \OT1/cmr/m/n/10 In Fig-ure [][]5[][], we present sta-bil-ity re-sults for GETWP
 []

[16pdfTeX warning (ext4): destination with the same identifier (name{figure.4}) has been already used, duplicate ignored

\AtBegShi@Output ...ipout \box \AtBeginShipoutBox 
                                                  \fi \fi 
l.1019 
        <./images/results_random_nb_n2048_001_bw.pdf> <./images/results_random_nb_n2048_002_bw.pdf>] <images/results_matrixmarket_resB_003.pdf, id=287, 469.755pt x 361.35pt>
File: images/results_matrixmarket_resB_003.pdf Graphic file (type pdf)
 <use images/results_matrixmarket_resB_003.pdf>
Package pdftex.def Info: images/results_matrixmarket_resB_003.pdf used on input line 1070.
(pdftex.def)             Requested size: 155.24895pt x 119.4223pt.
 <images/results_matrixmarket_resLU_003.pdf, id=288, 469.755pt x 361.35pt>
File: images/results_matrixmarket_resLU_003.pdf Graphic file (type pdf)
 <use images/results_matrixmarket_resLU_003.pdf>
Package pdftex.def Info: images/results_matrixmarket_resLU_003.pdf used on input line 1073.
(pdftex.def)             Requested size: 155.24895pt x 119.4223pt.


Package natbib Warning: Citation `matrixmarket' on page 17 undefined on input line 1082.


Package natbib Warning: Citation `matrixmarket' on page 17 undefined on input line 1082.


Underfull \hbox (badness 1102) in paragraph at lines 1082--1082
[]\OT1/cmr/m/n/10 Figure 5: [][] His-togram rep-re-sent-ing the dis-tri-bu-tion of the ra-tio $\OMS/cmsy/m/n/10 k\OML/cmm/m/it/10 y \OMS/cmsy/m/n/10 ^^@
 []


Package natbib Warning: Citation `Kurzak:2006:ILA' on page 17 undefined on input line 1089.


Package natbib Warning: Citation `para06' on page 17 undefined on input line 1089.


Package natbib Warning: Citation `tiledqr' on page 17 undefined on input line 1089.

<images/qr_dag_3x3_bw.pdf, id=294, 782.925pt x 531.9875pt>
File: images/qr_dag_3x3_bw.pdf Graphic file (type pdf)
 <use images/qr_dag_3x3_bw.pdf>
Package pdftex.def Info: images/qr_dag_3x3_bw.pdf used on input line 1103.
(pdftex.def)             Requested size: 276.00105pt x 187.5378pt.


LaTeX Warning: `!h' float specifier changed to `!ht'.

[17] [18pdfTeX warning (ext4): destination with the same identifier (name{figure.5}) has been already used, duplicate ignored

\AtBegShi@Output ...ipout \box \AtBeginShipoutBox 
                                                  \fi \fi 
l.1124 
       pdfTeX warning (ext4): destination with the same identifier (name{figure.6}) has been already used, duplicate ignored

\AtBegShi@Output ...ipout \box \AtBeginShipoutBox 
                                                  \fi \fi 
l.1124 
        <./images/results_matrixmarket_resB_003.pdf> <./images/results_matrixmarket_resLU_003.pdf> <./images/qr_dag_3x3_bw.pdf>] <images/qr_flow_brutus_bw.pdf, id=319, 761.84625pt x 310.15875pt>
File: images/qr_flow_brutus_bw.pdf Graphic file (type pdf)
 <use images/qr_flow_brutus_bw.pdf>
Package pdftex.def Info: images/qr_flow_brutus_bw.pdf used on input line 1136.
(pdftex.def)             Requested size: 345.0pt x 140.45041pt.
 [19pdfTeX warning (ext4): destination with the same identifier (name{figure.7}) has been already used, duplicate ignored

\AtBegShi@Output ...ipout \box \AtBeginShipoutBox 
                                                  \fi \fi 
l.1168 
        <./images/qr_flow_brutus_bw.pdf>] [20pdfTeX warning (ext4): destination with the same identifier (name{table.1}) has been already used, duplicate ignored

\AtBegShi@Output ...ipout \box \AtBeginShipoutBox 
                                                  \fi \fi 
l.1229 
       ] <images/sb_chol.pdf, id=351, 522.95375pt x 432.61626pt>
File: images/sb_chol.pdf Graphic file (type pdf)
 <use images/sb_chol.pdf>
Package pdftex.def Info: images/sb_chol.pdf used on input line 1242.
(pdftex.def)             Requested size: 172.5pt x 142.70439pt.
 <images/sb_qr.pdf, id=352, 522.95375pt x 432.61626pt>
File: images/sb_qr.pdf Graphic file (type pdf)
 <use images/sb_qr.pdf>
Package pdftex.def Info: images/sb_qr.pdf used on input line 1249.
(pdftex.def)             Requested size: 172.5pt x 142.70439pt.

Overfull \hbox (11.5576pt too wide) in paragraph at lines 1240--1253
[]$[]$   $[]$ 
 []

<images/sb_lu.pdf, id=353, 522.95375pt x 432.61626pt>
File: images/sb_lu.pdf Graphic file (type pdf)
 <use images/sb_lu.pdf>
Package pdftex.def Info: images/sb_lu.pdf used on input line 1258.
(pdftex.def)             Requested size: 172.5pt x 142.70439pt.
 <images/sb_scal.pdf, id=354, 505.89pt x 432.61626pt>
File: images/sb_scal.pdf Graphic file (type pdf)
 <use images/sb_scal.pdf>
Package pdftex.def Info: images/sb_scal.pdf used on input line 1265.
(pdftex.def)             Requested size: 172.5pt x 147.51665pt.

Overfull \hbox (11.5576pt too wide) in paragraph at lines 1256--1269
[]$[]$   $[]$ 
 []


Package natbib Warning: Citation `552704' on page 21 undefined on input line 1280.

[21pdfTeX warning (ext4): destination with the same identifier (name{figure.8}) has been already used, duplicate ignored

\AtBegShi@Output ...ipout \box \AtBeginShipoutBox 
                                                  \fi \fi 
l.1305 \end{enumerate}
                      pdfTeX warning (ext4): destination with the same identifier (name{figure.9}) has been already used, duplicate ignored

\AtBegShi@Output ...ipout \box \AtBeginShipoutBox 
                                                  \fi \fi 
l.1305 \end{enumerate}
                       <./images/sb_chol.pdf> <./images/sb_qr.pdf>]

Package natbib Warning: Citation `cell_chol' on page 22 undefined on input line 1328.


Package natbib Warning: Citation `Kurzak:2006:ILA' on page 22 undefined on input line 1328.


Package natbib Warning: Citation `para06' on page 22 undefined on input line 1328.


Package natbib Warning: Citation `tiledqr' on page 22 undefined on input line 1328.


Package natbib Warning: Citation `1014508' on page 22 undefined on input line 1330.


Package natbib Warning: Citation `670985' on page 22 undefined on input line 1330.


Package natbib Warning: Citation `76287' on page 22 undefined on input line 1330.


Package natbib Warning: Citation `essl01' on page 22 undefined on input line 1330.

[22pdfTeX warning (ext4): destination with the same identifier (name{figure.10}) has been already used, duplicate ignored

\AtBegShi@Output ...ipout \box \AtBeginShipoutBox 
                                                  \fi \fi 
l.1344 T
        he quality of the discussed approach is also supported by resultspdfTeX warning (ext4): destination with the same identifier (name{figure.11}) has been already used, duplicate ignored

\AtBegShi@Output ...ipout \box \AtBeginShipoutBox 
                                                  \fi \fi 
l.1344 T
        he quality of the discussed approach is also supported by results <./images/sb_lu.pdf> <./images/sb_scal.pdf>]

Package natbib Warning: Citation `1248397' on page 23 undefined on input line 1346.


Package natbib Warning: Citation `vdgqr' on page 23 undefined on input line 1346.

(/Users/myhay/Desktop/0709.1272v3.tag/.texpadtmp/tiled_algs.bbl

Package natbib Warning: Empty `thebibliography' environment on input line 3.

)

Package natbib Warning: There were undefined citations.

Package atveryend Info: Empty hook `BeforeClearDocument' on input line 1356.
[23]
Package atveryend Info: Empty hook `AfterLastShipout' on input line 1356.
 (/Users/myhay/Desktop/0709.1272v3.tag/.texpadtmp/tiled_algs.aux)
Package atveryend Info: Executing hook `AtVeryEndDocument' on input line 1356.
Package atveryend Info: Executing hook `AtEndAfterFileList' on input line 1356.
Package rerunfilecheck Info: File `tiled_algs.out' has not changed.
(rerunfilecheck)             Checksum: <no file>.


LaTeX Warning: Label(s) may have changed. Rerun to get cross-references right.

Package atveryend Info: Empty hook `AtVeryVeryEnd' on input line 1356.
 ) 
Here is how much of TeX's memory you used:
 9649 strings out of 493315
 141458 string characters out of 6137903
 258962 words of memory out of 5000000
 12839 multiletter control sequences out of 15000+600000
 13527 words of font info for 52 fonts, out of 8000000 for 9000
 957 hyphenation exceptions out of 8191
 37i,16n,51p,1360b,656s stack positions out of 5000i,500n,10000p,200000b,80000s
</usr/local/texlive/2013/texmf-dist/fonts/type1/public/amsfonts/cm/cmbx10.pfb></usr/local/texlive/2013/texmf-dist/fonts/type1/public/amsfonts/cm/cmbx12.pfb></usr/local/texlive/2013/texmf-dist/fonts/type1/public/amsfonts/cm/cmbx9.pfb></usr/local/texlive/2013/texmf-dist/fonts/type1/public/amsfonts/cm/cmcsc10.pfb></usr/local/texlive/2013/texmf-dist/fonts/type1/public/amsfonts/cm/cmex10.pfb></usr/local/texlive/2013/texmf-dist/fonts/type1/public/amsfonts/cm/cmmi10.pfb></usr/local/texlive/2013/texmf-dist/fonts/type1/public/amsfonts/cm/cmmi12.pfb></usr/local/texlive/2013/texmf-dist/fonts/type1/public/amsfonts/cm/cmmi6.pfb></usr/local/texlive/2013/texmf-dist/fonts/type1/public/amsfonts/cm/cmmi7.pfb></usr/local/texlive/2013/texmf-dist/fonts/type1/public/amsfonts/cm/cmmi8.pfb></usr/local/texlive/2013/texmf-dist/fonts/type1/public/amsfonts/cm/cmr10.pfb></usr/local/texlive/2013/texmf-dist/fonts/type1/public/amsfonts/cm/cmr12.pfb></usr/local/texlive/2013/texmf-dist/fonts/type1/public/amsfonts/cm/cmr17.pfb></usr/local/texlive/2013/texmf-dist/fonts/type1/public/amsfonts/cm/cmr6.pfb></usr/local/texlive/2013/texmf-dist/fonts/type1/public/amsfonts/cm/cmr7.pfb></usr/local/texlive/2013/texmf-dist/fonts/type1/public/amsfonts/cm/cmr8.pfb></usr/local/texlive/2013/texmf-dist/fonts/type1/public/amsfonts/cm/cmr9.pfb></usr/local/texlive/2013/texmf-dist/fonts/type1/public/amsfonts/cm/cmsy10.pfb></usr/local/texlive/2013/texmf-dist/fonts/type1/public/amsfonts/cm/cmsy7.pfb></usr/local/texlive/2013/texmf-dist/fonts/type1/public/amsfonts/cm/cmsy8.pfb></usr/local/texlive/2013/texmf-dist/fonts/type1/public/amsfonts/cm/cmti10.pfb></usr/local/texlive/2013/texmf-dist/fonts/type1/public/amsfonts/cm/cmtt10.pfb>
Output written on /Users/myhay/Desktop/0709.1272v3.tag/.texpadtmp/tiled_algs.pdf (23 pages, 385557 bytes).
PDF statistics:
 486 PDF objects out of 1000 (max. 8388607)
 416 compressed objects within 5 object streams
 110 named destinations out of 1000 (max. 500000)
 170 words of extra memory for PDF output out of 10000 (max. 10000000)

